<?xml version="1.0" encoding="UTF-8"?>
<!-- Generated by org.testng.reporters.JUnitReportReporter -->
<testsuite hostname="LAPTOP-1KS87JTI" failures="0" tests="3" name="producttest.Example1Test" time="4.217" errors="0" timestamp="2025-07-31T11:09:15 IST" skipped="0">
  <testcase classname="producttest.Example1Test" name="orderProducts_2" time="0.762"/>
  <testcase classname="producttest.Example1Test" name="orderProducts_1" time="0.689"/>
  <testcase classname="producttest.Example1Test" name="orderProducts" time="2.766">
    <system-out>
      <![CDATA[Sree
Sree
Navya
 500001]]>
    </system-out>
  </testcase> <!-- orderProducts -->
  <system-out>
    <![CDATA[Browser setup is done
Login successfully
Logout is done
Login successfully
Logout is done
Login successfully
Sree
Sree
Navya
 500001
Logout is done]]>
  </system-out>
</testsuite> <!-- producttest.Example1Test -->
